c:\users\lg\desktop\컴그\숙제\hw2\hw2\debug\vc141.pdb
c:\users\lg\desktop\컴그\숙제\hw2\hw2\debug\vc141.idb
c:\users\lg\desktop\컴그\숙제\hw2\hw2\debug\vertex.obj
c:\users\lg\desktop\컴그\숙제\hw2\hw2\debug\robot.obj
c:\users\lg\desktop\컴그\숙제\hw2\hw2\debug\myheader.obj
c:\users\lg\desktop\컴그\숙제\hw2\hw2\debug\main.obj
c:\users\lg\desktop\컴그\숙제\hw2\hw2\debug\input.obj
c:\users\lg\desktop\컴그\숙제\hw2\hw2\debug\drawfunc.obj
c:\users\lg\desktop\컴그\숙제\hw2\hw2\debug\camera.obj
c:\users\lg\desktop\컴그\숙제\hw2\debug\hw2.pdb
c:\users\lg\desktop\컴그\숙제\hw2\hw2\debug\hw2.tlog\cl.command.1.tlog
c:\users\lg\desktop\컴그\숙제\hw2\hw2\debug\hw2.tlog\cl.read.1.tlog
c:\users\lg\desktop\컴그\숙제\hw2\hw2\debug\hw2.tlog\cl.write.1.tlog
c:\users\lg\desktop\컴그\숙제\hw2\hw2\debug\hw2.tlog\link-cvtres.read.1.tlog
c:\users\lg\desktop\컴그\숙제\hw2\hw2\debug\hw2.tlog\link-cvtres.write.1.tlog
c:\users\lg\desktop\컴그\숙제\hw2\hw2\debug\hw2.tlog\link-rc.read.1.tlog
c:\users\lg\desktop\컴그\숙제\hw2\hw2\debug\hw2.tlog\link-rc.write.1.tlog
c:\users\lg\desktop\컴그\숙제\hw2\hw2\debug\hw2.tlog\link.command.1.tlog
c:\users\lg\desktop\컴그\숙제\hw2\hw2\debug\hw2.tlog\link.read.1.tlog
c:\users\lg\desktop\컴그\숙제\hw2\hw2\debug\hw2.tlog\link.write.1.tlog
